<?xml version="1.0" encoding="UTF-8"?>
<!-- Generated by org.testng.reporters.JUnitReportReporter -->
<testsuite hostname="Shiva" failures="0" tests="4" name="selenium.PageObjModel.MainClassToBeCoverted" time="58.711" errors="0" timestamp="2024-08-19T13:16:57 IST" skipped="0">
  <testcase classname="selenium.PageObjModel.MainClassToBeCoverted" name="checkInOrders" time="14.292"/>
  <system-out/>
  <testcase classname="selenium.PageObjModel.MainClassToBeCoverted" name="checkInOrders" time="10.597"/>
  <system-out/>
  <testcase classname="selenium.PageObjModel.MainClassToBeCoverted" name="submitOrder" time="19.322"/>
  <system-out/>
  <testcase classname="selenium.PageObjModel.MainClassToBeCoverted" name="submitOrder" time="14.500"/>
  <system-out/>
</testsuite> <!-- selenium.PageObjModel.MainClassToBeCoverted -->
