<?xml version="1.0" encoding="UTF-8"?>
<!-- Generated by org.testng.reporters.JUnitReportReporter -->
<testsuite hostname="Shiva" failures="0" tests="1" name="selenium.PageObjModel.ErrorValidations" time="12.253" errors="0" timestamp="2024-08-18T15:21:52 IST" skipped="0">
  <testcase classname="selenium.PageObjModel.ErrorValidations" name="checkLoginError" time="12.253"/>
</testsuite> <!-- selenium.PageObjModel.ErrorValidations -->
